[03Jul2020 20:25:50.131] [main/UNITTEST] [com.alcatrazescapee.mcjunitlib.DedicatedTestServerLauncher/]: TestServerLauncher Starting
[03Jul2020 20:25:50.142] [main/UNITTEST] [com.alcatrazescapee.mcjunitlib.DedicatedTestServerLauncher/]: Launching Launcher with arguments: --gameDir, ., --fml.mcpVersion, --fml.mcVersion, --fml.forgeGroup, --fml.forgeVersion, --launchTarget, fmltestserver, --nogui, --world, test-world
[03Jul2020 20:25:50.154] [main/INFO] [cpw.mods.modlauncher.Launcher/MODLAUNCHER]: ModLauncher running: args [--gameDir, ., --fml.mcpVersion, --fml.mcVersion, --fml.forgeGroup, --fml.forgeVersion, --launchTarget, fmltestserver, --nogui, --world, test-world]
[03Jul2020 20:25:50.155] [main/INFO] [cpw.mods.modlauncher.Launcher/MODLAUNCHER]: ModLauncher 5.0.0-milestone.4+67+b1a340b starting: java version 1.8.0_202 by Oracle Corporation
[03Jul2020 20:25:50.174] [main/DEBUG] [cpw.mods.modlauncher.LaunchServiceHandler/MODLAUNCHER]: Found launch services [minecraft,fmldevdata,fmldevclient,fmldevserver,fmluserdevserver,testharness,fmluserdevdata,fmlclient,fmltestserver,fmluserdevclient,fmlserver]
[03Jul2020 20:25:50.187] [main/DEBUG] [cpw.mods.modlauncher.NameMappingServiceHandler/MODLAUNCHER]: Found naming services : [srgtomcp]
[03Jul2020 20:25:50.200] [main/DEBUG] [cpw.mods.modlauncher.LaunchPluginHandler/MODLAUNCHER]: Found launch plugins: [eventbus,object_holder_definalize,runtime_enum_extender,accesstransformer,capability_inject_definalize,runtimedistcleaner]
[03Jul2020 20:25:50.212] [main/DEBUG] [cpw.mods.modlauncher.TransformationServicesHandler/MODLAUNCHER]: Discovering transformation services
[03Jul2020 20:25:50.217] [main/DEBUG] [cpw.mods.modlauncher.TransformationServicesHandler/MODLAUNCHER]: Found additional transformation services from discovery services: []
[03Jul2020 20:25:50.249] [main/DEBUG] [cpw.mods.modlauncher.TransformationServicesHandler/MODLAUNCHER]: Found transformer services : [fml]
[03Jul2020 20:25:50.249] [main/DEBUG] [cpw.mods.modlauncher.TransformationServicesHandler/MODLAUNCHER]: Transformation services loading
[03Jul2020 20:25:50.250] [main/DEBUG] [cpw.mods.modlauncher.TransformationServiceDecorator/MODLAUNCHER]: Loading service fml
[03Jul2020 20:25:50.250] [main/DEBUG] [net.minecraftforge.fml.loading.FMLServiceProvider/]: Injecting tracing printstreams for STDOUT/STDERR.
[03Jul2020 20:25:50.253] [main/DEBUG] [net.minecraftforge.fml.loading.LauncherVersion/CORE]: Found FMLLauncher version 31.1
[03Jul2020 20:25:50.253] [main/DEBUG] [net.minecraftforge.fml.loading.FMLLoader/CORE]: FML 31.1 loading
[03Jul2020 20:25:50.254] [main/DEBUG] [net.minecraftforge.fml.loading.FMLLoader/CORE]: FML found ModLauncher version : 5.0.0-milestone.4+67+b1a340b
[03Jul2020 20:25:50.254] [main/DEBUG] [net.minecraftforge.fml.loading.FMLLoader/CORE]: Initializing modjar URL handler
[03Jul2020 20:25:50.255] [main/DEBUG] [net.minecraftforge.fml.loading.FMLLoader/CORE]: FML found AccessTransformer version : 2.0.4+53+c61c33c
[03Jul2020 20:25:50.255] [main/DEBUG] [net.minecraftforge.fml.loading.FMLLoader/CORE]: FML found EventBus version : 2.0.0-milestone.1+57+de55078
[03Jul2020 20:25:50.255] [main/DEBUG] [net.minecraftforge.fml.loading.FMLLoader/CORE]: Found Runtime Dist Cleaner
[03Jul2020 20:25:50.258] [main/DEBUG] [net.minecraftforge.fml.loading.FMLLoader/CORE]: FML found CoreMod version : 2.0.0-milestone.1+5+5b32e68
[03Jul2020 20:25:50.259] [main/DEBUG] [net.minecraftforge.fml.loading.FMLLoader/CORE]: Found ForgeSPI package implementation version 2.0.0-milestone.1+7+a2eaa64
[03Jul2020 20:25:50.259] [main/DEBUG] [net.minecraftforge.fml.loading.FMLLoader/CORE]: Found ForgeSPI package specification 3
[03Jul2020 20:25:50.507] [main/INFO] [net.minecraftforge.fml.loading.FixSSL/CORE]: Added Lets Encrypt root certificates as additional trust
[03Jul2020 20:25:50.508] [main/DEBUG] [cpw.mods.modlauncher.TransformationServiceDecorator/MODLAUNCHER]: Loaded service fml
[03Jul2020 20:25:50.512] [main/DEBUG] [cpw.mods.modlauncher.TransformationServicesHandler/MODLAUNCHER]: Configuring option handling for services
[03Jul2020 20:25:50.522] [main/INFO] [STDERR/]: [java.lang.ThreadGroup:uncaughtException:1052]: joptsimple.MissingRequiredOptionsException: Missing required option(s) [fml.forgeVersion, fml.mcVersion]
[03Jul2020 20:25:50.522] [main/INFO] [STDERR/]: [java.lang.ThreadGroup:uncaughtException:1052]: 	at joptsimple.OptionParser.ensureRequiredOptions(OptionParser.java:426)
[03Jul2020 20:25:50.522] [main/INFO] [STDERR/]: [java.lang.ThreadGroup:uncaughtException:1052]: 	at joptsimple.OptionParser.parse(OptionParser.java:400)
[03Jul2020 20:25:50.523] [main/INFO] [STDERR/]: [java.lang.ThreadGroup:uncaughtException:1052]: 	at cpw.mods.modlauncher.ArgumentHandler.processArguments(ArgumentHandler.java:62)
[03Jul2020 20:25:50.523] [main/INFO] [STDERR/]: [java.lang.ThreadGroup:uncaughtException:1052]: 	at cpw.mods.modlauncher.TransformationServicesHandler.processArguments(TransformationServicesHandler.java:83)
[03Jul2020 20:25:50.523] [main/INFO] [STDERR/]: [java.lang.ThreadGroup:uncaughtException:1052]: 	at cpw.mods.modlauncher.TransformationServicesHandler.initializeTransformationServices(TransformationServicesHandler.java:58)
[03Jul2020 20:25:50.523] [main/INFO] [STDERR/]: [java.lang.ThreadGroup:uncaughtException:1052]: 	at cpw.mods.modlauncher.Launcher.run(Launcher.java:75)
[03Jul2020 20:25:50.524] [main/INFO] [STDERR/]: [java.lang.ThreadGroup:uncaughtException:1052]: 	at cpw.mods.modlauncher.Launcher.main(Launcher.java:65)
[03Jul2020 20:25:50.524] [main/INFO] [STDERR/]: [java.lang.ThreadGroup:uncaughtException:1052]: 	at com.alcatrazescapee.mcjunitlib.DedicatedTestServerLauncher.main(DedicatedTestServerLauncher.java:59)
